<?xml version="1.0" encoding="UTF-8"?>
<!-- Generated by org.testng.reporters.JUnitReportReporter -->
<testsuite hostname="LAPTOP-LE4TBF9R" failures="0" tests="1" name="Sample.Practice1" time="0.008" errors="0" timestamp="2023-08-03T20:13:30 IST" skipped="0">
  <testcase classname="Sample.Practice1" name="hero" time="0.008"/>
  <system-out/>
</testsuite> <!-- Sample.Practice1 -->
